
  .   ____          _            __ _ _
 /\\ / ___'_ __ _ _(_)_ __  __ _ \ \ \ \
( ( )\___ | '_ | '_| | '_ \/ _` | \ \ \ \
 \\/  ___)| |_)| | | | | || (_| |  ) ) ) )
  '  |____| .__|_| |_|_| |_\__, | / / / /
 =========|_|==============|___/=/_/_/_/
[32m :: Spring Boot :: [39m             [2m (v2.7.15)[0;39m

[2m2023-11-14 21:46:50.992[0;39m [32m INFO[0;39m [35m223900[0;39m [2m---[0;39m [2m[           main][0;39m [36mx.i.i.InterfaceApiApplication           [0;39m [2m:[0;39m Starting InterfaceApiApplication using Java 11.0.20.1 on ip-172-31-37-27.ap-northeast-2.compute.internal with PID 223900 (/home/ec2-user/Api-Server-jdk11/build/libs/interface-api-0.0.1-SNAPSHOT.jar started by ec2-user in /home/ec2-user/Api-Server-jdk11)
[2m2023-11-14 21:46:50.998[0;39m [32m INFO[0;39m [35m223900[0;39m [2m---[0;39m [2m[           main][0;39m [36mx.i.i.InterfaceApiApplication           [0;39m [2m:[0;39m The following 5 profiles are active: "mariadb", "mail", "security", "file", "firebase"
[2m2023-11-14 21:46:53.615[0;39m [32m INFO[0;39m [35m223900[0;39m [2m---[0;39m [2m[           main][0;39m [36m.s.d.r.c.RepositoryConfigurationDelegate[0;39m [2m:[0;39m Bootstrapping Spring Data JPA repositories in DEFAULT mode.
[2m2023-11-14 21:46:53.894[0;39m [32m INFO[0;39m [35m223900[0;39m [2m---[0;39m [2m[           main][0;39m [36m.s.d.r.c.RepositoryConfigurationDelegate[0;39m [2m:[0;39m Finished Spring Data repository scanning in 265 ms. Found 10 JPA repository interfaces.
[2m2023-11-14 21:46:56.278[0;39m [32m INFO[0;39m [35m223900[0;39m [2m---[0;39m [2m[           main][0;39m [36mo.s.b.w.embedded.tomcat.TomcatWebServer [0;39m [2m:[0;39m Tomcat initialized with port(s): 8080 (http)
[2m2023-11-14 21:46:56.316[0;39m [32m INFO[0;39m [35m223900[0;39m [2m---[0;39m [2m[           main][0;39m [36mo.apache.catalina.core.StandardService  [0;39m [2m:[0;39m Starting service [Tomcat]
[2m2023-11-14 21:46:56.316[0;39m [32m INFO[0;39m [35m223900[0;39m [2m---[0;39m [2m[           main][0;39m [36morg.apache.catalina.core.StandardEngine [0;39m [2m:[0;39m Starting Servlet engine: [Apache Tomcat/9.0.79]
[2m2023-11-14 21:46:56.590[0;39m [32m INFO[0;39m [35m223900[0;39m [2m---[0;39m [2m[           main][0;39m [36mo.a.c.c.C.[Tomcat].[localhost].[/]      [0;39m [2m:[0;39m Initializing Spring embedded WebApplicationContext
[2m2023-11-14 21:46:56.591[0;39m [32m INFO[0;39m [35m223900[0;39m [2m---[0;39m [2m[           main][0;39m [36mw.s.c.ServletWebServerApplicationContext[0;39m [2m:[0;39m Root WebApplicationContext: initialization completed in 5380 ms
[2m2023-11-14 21:46:57.802[0;39m [32m INFO[0;39m [35m223900[0;39m [2m---[0;39m [2m[           main][0;39m [36mo.hibernate.jpa.internal.util.LogHelper [0;39m [2m:[0;39m HHH000204: Processing PersistenceUnitInfo [name: default]
[2m2023-11-14 21:46:57.959[0;39m [32m INFO[0;39m [35m223900[0;39m [2m---[0;39m [2m[           main][0;39m [36morg.hibernate.Version                   [0;39m [2m:[0;39m HHH000412: Hibernate ORM core version 5.6.15.Final
[2m2023-11-14 21:46:58.362[0;39m [32m INFO[0;39m [35m223900[0;39m [2m---[0;39m [2m[           main][0;39m [36mo.hibernate.annotations.common.Version  [0;39m [2m:[0;39m HCANN000001: Hibernate Commons Annotations {5.1.2.Final}
[2m2023-11-14 21:46:58.614[0;39m [32m INFO[0;39m [35m223900[0;39m [2m---[0;39m [2m[           main][0;39m [36mcom.zaxxer.hikari.HikariDataSource      [0;39m [2m:[0;39m HikariPool-1 - Starting...
[2m2023-11-14 21:46:58.935[0;39m [32m INFO[0;39m [35m223900[0;39m [2m---[0;39m [2m[           main][0;39m [36mcom.zaxxer.hikari.HikariDataSource      [0;39m [2m:[0;39m HikariPool-1 - Start completed.
[2m2023-11-14 21:46:58.988[0;39m [32m INFO[0;39m [35m223900[0;39m [2m---[0;39m [2m[           main][0;39m [36morg.hibernate.dialect.Dialect           [0;39m [2m:[0;39m HHH000400: Using dialect: org.hibernate.dialect.MariaDB106Dialect
[2m2023-11-14 21:47:01.007[0;39m [32m INFO[0;39m [35m223900[0;39m [2m---[0;39m [2m[           main][0;39m [36mo.h.e.t.j.p.i.JtaPlatformInitiator      [0;39m [2m:[0;39m HHH000490: Using JtaPlatform implementation: [org.hibernate.engine.transaction.jta.platform.internal.NoJtaPlatform]
[2m2023-11-14 21:47:01.026[0;39m [32m INFO[0;39m [35m223900[0;39m [2m---[0;39m [2m[           main][0;39m [36mj.LocalContainerEntityManagerFactoryBean[0;39m [2m:[0;39m Initialized JPA EntityManagerFactory for persistence unit 'default'
[2m2023-11-14 21:47:03.048[0;39m [32m INFO[0;39m [35m223900[0;39m [2m---[0;39m [2m[           main][0;39m [36mx.i.i.g.fcm.PushNotificationService     [0;39m [2m:[0;39m Firebase application initialized
[2m2023-11-14 21:47:04.167[0;39m [32m INFO[0;39m [35m223900[0;39m [2m---[0;39m [2m[           main][0;39m [36mx.i.i.global.config.MailConfig          [0;39m [2m:[0;39m [javaMailSender] MailSender Initialized
[2m2023-11-14 21:47:05.112[0;39m [32m INFO[0;39m [35m223900[0;39m [2m---[0;39m [2m[           main][0;39m [36mo.s.s.web.DefaultSecurityFilterChain    [0;39m [2m:[0;39m Will secure Or [Ant [pattern='/api/boards/**'], Ant [pattern='/api/schedules/**'], Ant [pattern='/api/votes/**']] with [org.springframework.security.web.context.request.async.WebAsyncManagerIntegrationFilter@4fba8eec, org.springframework.security.web.context.SecurityContextPersistenceFilter@49cd946c, org.springframework.security.web.header.HeaderWriterFilter@4c731956, org.springframework.security.web.authentication.logout.LogoutFilter@7634f2b, xyz.interfacesejong.interfaceapi.global.filter.JwtAuthenticationFilter@52bd9a27, org.springframework.security.web.savedrequest.RequestCacheAwareFilter@14d25b6e, org.springframework.security.web.servletapi.SecurityContextHolderAwareRequestFilter@740dcae3, org.springframework.security.web.authentication.AnonymousAuthenticationFilter@611e5819, org.springframework.security.web.access.ExceptionTranslationFilter@2de6f1bc]
[2m2023-11-14 21:47:05.571[0;39m [33m WARN[0;39m [35m223900[0;39m [2m---[0;39m [2m[           main][0;39m [36mJpaBaseConfiguration$JpaWebConfiguration[0;39m [2m:[0;39m spring.jpa.open-in-view is enabled by default. Therefore, database queries may be performed during view rendering. Explicitly configure spring.jpa.open-in-view to disable this warning
[2m2023-11-14 21:47:09.594[0;39m [32m INFO[0;39m [35m223900[0;39m [2m---[0;39m [2m[           main][0;39m [36mo.s.b.w.embedded.tomcat.TomcatWebServer [0;39m [2m:[0;39m Tomcat started on port(s): 8080 (http) with context path ''
[2m2023-11-14 21:47:09.622[0;39m [32m INFO[0;39m [35m223900[0;39m [2m---[0;39m [2m[           main][0;39m [36mx.i.i.InterfaceApiApplication           [0;39m [2m:[0;39m Started InterfaceApiApplication in 20.184 seconds (JVM running for 21.798)
[2m2023-11-14 21:47:17.789[0;39m [32m INFO[0;39m [35m223900[0;39m [2m---[0;39m [2m[nio-8080-exec-1][0;39m [36mo.a.c.c.C.[Tomcat].[localhost].[/]      [0;39m [2m:[0;39m Initializing Spring DispatcherServlet 'dispatcherServlet'
[2m2023-11-14 21:47:17.790[0;39m [32m INFO[0;39m [35m223900[0;39m [2m---[0;39m [2m[nio-8080-exec-1][0;39m [36mo.s.web.servlet.DispatcherServlet       [0;39m [2m:[0;39m Initializing Servlet 'dispatcherServlet'
[2m2023-11-14 21:47:17.801[0;39m [32m INFO[0;39m [35m223900[0;39m [2m---[0;39m [2m[nio-8080-exec-1][0;39m [36mo.s.web.servlet.DispatcherServlet       [0;39m [2m:[0;39m Completed initialization in 11 ms
[2m2023-11-14 21:47:18.231[0;39m [32m INFO[0;39m [35m223900[0;39m [2m---[0;39m [2m[nio-8080-exec-1][0;39m [36mx.i.interfaceapi.global.aop.LogAspect   [0;39m [2m:[0;39m [simpleSignIn] Parameters : UserSignRequest(email=null, password=null, deviceId=4654328d-2305-4343-ba3e-05722d18f109), 
[2m2023-11-14 21:47:18.396[0;39m [32m INFO[0;39m [35m223900[0;39m [2m---[0;39m [2m[nio-8080-exec-1][0;39m [36mx.i.i.domain.user.service.SignService   [0;39m [2m:[0;39m [simpleSignIn] 서브 로그인 정보 통과
[2m2023-11-14 21:47:18.540[0;39m [32m INFO[0;39m [35m223900[0;39m [2m---[0;39m [2m[nio-8080-exec-1][0;39m [36mx.i.i.global.jwt.TokenProvider          [0;39m [2m:[0;39m [generateToken] eyJhbGciOiJIUzI1NiJ9.eyJhdXRoTGV2ZWwiOiJNRU1CRVJfVkVSSUZJRUQiLCJlbWFpbCI6InRlc3RAdGVzdC5jb20iLCJ1c2VySWQiOiIxMSIsImF1ZCI6IjQ2NTQzMjhkLTIzMDUtNDM0My1iYTNlLTA1NzIyZDE4ZjEwOSIsImlhdCI6MTY5OTk2NjAzOCwiZXhwIjoxNjk5OTY5NjM4fQ.nSWVymUwKQ7Nqj9na1i8DxyomAtVZHOm45CyD6xha60
[2m2023-11-14 21:47:18.545[0;39m [32m INFO[0;39m [35m223900[0;39m [2m---[0;39m [2m[nio-8080-exec-1][0;39m [36mx.i.interfaceapi.global.aop.LogAspect   [0;39m [2m:[0;39m [simpleSignIn] executed time 332 ms
[2m2023-11-14 21:47:18.781[0;39m [32m INFO[0;39m [35m223900[0;39m [2m---[0;39m [2m[nio-8080-exec-2][0;39m [36mx.i.interfaceapi.global.aop.LogAspect   [0;39m [2m:[0;39m [getAllBoards] Parameters : null
[2m2023-11-14 21:47:19.182[0;39m [32m INFO[0;39m [35m223900[0;39m [2m---[0;39m [2m[nio-8080-exec-2][0;39m [36mx.i.i.domain.board.service.BoardService [0;39m [2m:[0;39m [findAllBoards] : 모든 게시글 조회
[2m2023-11-14 21:47:19.193[0;39m [32m INFO[0;39m [35m223900[0;39m [2m---[0;39m [2m[nio-8080-exec-2][0;39m [36mx.i.interfaceapi.global.aop.LogAspect   [0;39m [2m:[0;39m [getAllBoards] executed time 412 ms
[2m2023-11-14 21:52:20.896[0;39m [32m INFO[0;39m [35m223900[0;39m [2m---[0;39m [2m[nio-8080-exec-3][0;39m [36mx.i.interfaceapi.global.aop.LogAspect   [0;39m [2m:[0;39m [simpleSignIn] Parameters : UserSignRequest(email=null, password=null, deviceId=4654328d-2305-4343-ba3e-05722d18f109), 
[2m2023-11-14 21:52:20.906[0;39m [32m INFO[0;39m [35m223900[0;39m [2m---[0;39m [2m[nio-8080-exec-3][0;39m [36mx.i.i.domain.user.service.SignService   [0;39m [2m:[0;39m [simpleSignIn] 서브 로그인 정보 통과
[2m2023-11-14 21:52:20.911[0;39m [32m INFO[0;39m [35m223900[0;39m [2m---[0;39m [2m[nio-8080-exec-3][0;39m [36mx.i.i.global.jwt.TokenProvider          [0;39m [2m:[0;39m [generateToken] eyJhbGciOiJIUzI1NiJ9.eyJhdXRoTGV2ZWwiOiJNRU1CRVJfVkVSSUZJRUQiLCJlbWFpbCI6InRlc3RAdGVzdC5jb20iLCJ1c2VySWQiOiIxMSIsImF1ZCI6IjQ2NTQzMjhkLTIzMDUtNDM0My1iYTNlLTA1NzIyZDE4ZjEwOSIsImlhdCI6MTY5OTk2NjM0MCwiZXhwIjoxNjk5OTY5OTQwfQ.6SSJZYNpJvYxJphlzkgru1LbhznD_vZZxZUUYGTE1as
[2m2023-11-14 21:52:20.911[0;39m [32m INFO[0;39m [35m223900[0;39m [2m---[0;39m [2m[nio-8080-exec-3][0;39m [36mx.i.interfaceapi.global.aop.LogAspect   [0;39m [2m:[0;39m [simpleSignIn] executed time 15 ms
[2m2023-11-14 21:52:20.958[0;39m [32m INFO[0;39m [35m223900[0;39m [2m---[0;39m [2m[nio-8080-exec-4][0;39m [36mx.i.interfaceapi.global.aop.LogAspect   [0;39m [2m:[0;39m [getAllBoards] Parameters : null
[2m2023-11-14 21:52:21.093[0;39m [32m INFO[0;39m [35m223900[0;39m [2m---[0;39m [2m[nio-8080-exec-4][0;39m [36mx.i.i.domain.board.service.BoardService [0;39m [2m:[0;39m [findAllBoards] : 모든 게시글 조회
[2m2023-11-14 21:52:21.095[0;39m [32m INFO[0;39m [35m223900[0;39m [2m---[0;39m [2m[nio-8080-exec-4][0;39m [36mx.i.interfaceapi.global.aop.LogAspect   [0;39m [2m:[0;39m [getAllBoards] executed time 137 ms
[2m2023-11-14 21:52:22.288[0;39m [32m INFO[0;39m [35m223900[0;39m [2m---[0;39m [2m[nio-8080-exec-5][0;39m [36mx.i.interfaceapi.global.aop.LogAspect   [0;39m [2m:[0;39m [simpleSignIn] Parameters : UserSignRequest(email=null, password=null, deviceId=4654328d-2305-4343-ba3e-05722d18f109), 
[2m2023-11-14 21:52:22.295[0;39m [32m INFO[0;39m [35m223900[0;39m [2m---[0;39m [2m[nio-8080-exec-5][0;39m [36mx.i.i.domain.user.service.SignService   [0;39m [2m:[0;39m [simpleSignIn] 서브 로그인 정보 통과
[2m2023-11-14 21:52:22.302[0;39m [32m INFO[0;39m [35m223900[0;39m [2m---[0;39m [2m[nio-8080-exec-5][0;39m [36mx.i.i.global.jwt.TokenProvider          [0;39m [2m:[0;39m [generateToken] eyJhbGciOiJIUzI1NiJ9.eyJhdXRoTGV2ZWwiOiJNRU1CRVJfVkVSSUZJRUQiLCJlbWFpbCI6InRlc3RAdGVzdC5jb20iLCJ1c2VySWQiOiIxMSIsImF1ZCI6IjQ2NTQzMjhkLTIzMDUtNDM0My1iYTNlLTA1NzIyZDE4ZjEwOSIsImlhdCI6MTY5OTk2NjM0MiwiZXhwIjoxNjk5OTY5OTQyfQ.PqVudcKAr8wJtvp8t70UQYNMISEzTcM9_0-wb5j8KZo
[2m2023-11-14 21:52:22.302[0;39m [32m INFO[0;39m [35m223900[0;39m [2m---[0;39m [2m[nio-8080-exec-5][0;39m [36mx.i.interfaceapi.global.aop.LogAspect   [0;39m [2m:[0;39m [simpleSignIn] executed time 14 ms
[2m2023-11-14 21:52:22.346[0;39m [32m INFO[0;39m [35m223900[0;39m [2m---[0;39m [2m[nio-8080-exec-6][0;39m [36mx.i.interfaceapi.global.aop.LogAspect   [0;39m [2m:[0;39m [getAllBoards] Parameters : null
[2m2023-11-14 21:52:22.451[0;39m [32m INFO[0;39m [35m223900[0;39m [2m---[0;39m [2m[nio-8080-exec-6][0;39m [36mx.i.i.domain.board.service.BoardService [0;39m [2m:[0;39m [findAllBoards] : 모든 게시글 조회
[2m2023-11-14 21:52:22.457[0;39m [32m INFO[0;39m [35m223900[0;39m [2m---[0;39m [2m[nio-8080-exec-6][0;39m [36mx.i.interfaceapi.global.aop.LogAspect   [0;39m [2m:[0;39m [getAllBoards] executed time 111 ms
[2m2023-11-14 21:52:23.247[0;39m [32m INFO[0;39m [35m223900[0;39m [2m---[0;39m [2m[nio-8080-exec-7][0;39m [36mx.i.interfaceapi.global.aop.LogAspect   [0;39m [2m:[0;39m [simpleSignIn] Parameters : UserSignRequest(email=null, password=null, deviceId=4654328d-2305-4343-ba3e-05722d18f109), 
[2m2023-11-14 21:52:23.252[0;39m [32m INFO[0;39m [35m223900[0;39m [2m---[0;39m [2m[nio-8080-exec-7][0;39m [36mx.i.i.domain.user.service.SignService   [0;39m [2m:[0;39m [simpleSignIn] 서브 로그인 정보 통과
[2m2023-11-14 21:52:23.253[0;39m [32m INFO[0;39m [35m223900[0;39m [2m---[0;39m [2m[nio-8080-exec-7][0;39m [36mx.i.i.global.jwt.TokenProvider          [0;39m [2m:[0;39m [generateToken] eyJhbGciOiJIUzI1NiJ9.eyJhdXRoTGV2ZWwiOiJNRU1CRVJfVkVSSUZJRUQiLCJlbWFpbCI6InRlc3RAdGVzdC5jb20iLCJ1c2VySWQiOiIxMSIsImF1ZCI6IjQ2NTQzMjhkLTIzMDUtNDM0My1iYTNlLTA1NzIyZDE4ZjEwOSIsImlhdCI6MTY5OTk2NjM0MywiZXhwIjoxNjk5OTY5OTQzfQ.Lre2SrcEyr3ZMgAgS496UFEQh80qJa-m7-JtqyZkgR8
[2m2023-11-14 21:52:23.254[0;39m [32m INFO[0;39m [35m223900[0;39m [2m---[0;39m [2m[nio-8080-exec-7][0;39m [36mx.i.interfaceapi.global.aop.LogAspect   [0;39m [2m:[0;39m [simpleSignIn] executed time 7 ms
[2m2023-11-14 21:52:23.286[0;39m [32m INFO[0;39m [35m223900[0;39m [2m---[0;39m [2m[nio-8080-exec-8][0;39m [36mx.i.interfaceapi.global.aop.LogAspect   [0;39m [2m:[0;39m [simpleSignIn] Parameters : UserSignRequest(email=null, password=null, deviceId=4654328d-2305-4343-ba3e-05722d18f109), 
[2m2023-11-14 21:52:23.289[0;39m [32m INFO[0;39m [35m223900[0;39m [2m---[0;39m [2m[nio-8080-exec-8][0;39m [36mx.i.i.domain.user.service.SignService   [0;39m [2m:[0;39m [simpleSignIn] 서브 로그인 정보 통과
[2m2023-11-14 21:52:23.296[0;39m [32m INFO[0;39m [35m223900[0;39m [2m---[0;39m [2m[nio-8080-exec-8][0;39m [36mx.i.i.global.jwt.TokenProvider          [0;39m [2m:[0;39m [generateToken] eyJhbGciOiJIUzI1NiJ9.eyJhdXRoTGV2ZWwiOiJNRU1CRVJfVkVSSUZJRUQiLCJlbWFpbCI6InRlc3RAdGVzdC5jb20iLCJ1c2VySWQiOiIxMSIsImF1ZCI6IjQ2NTQzMjhkLTIzMDUtNDM0My1iYTNlLTA1NzIyZDE4ZjEwOSIsImlhdCI6MTY5OTk2NjM0MywiZXhwIjoxNjk5OTY5OTQzfQ.Lre2SrcEyr3ZMgAgS496UFEQh80qJa-m7-JtqyZkgR8
[2m2023-11-14 21:52:23.297[0;39m [32m INFO[0;39m [35m223900[0;39m [2m---[0;39m [2m[nio-8080-exec-8][0;39m [36mx.i.interfaceapi.global.aop.LogAspect   [0;39m [2m:[0;39m [simpleSignIn] executed time 11 ms
[2m2023-11-14 21:52:23.305[0;39m [32m INFO[0;39m [35m223900[0;39m [2m---[0;39m [2m[nio-8080-exec-9][0;39m [36mx.i.interfaceapi.global.aop.LogAspect   [0;39m [2m:[0;39m [simpleSignIn] Parameters : UserSignRequest(email=null, password=null, deviceId=4654328d-2305-4343-ba3e-05722d18f109), 
[2m2023-11-14 21:52:23.315[0;39m [32m INFO[0;39m [35m223900[0;39m [2m---[0;39m [2m[nio-8080-exec-1][0;39m [36mx.i.interfaceapi.global.aop.LogAspect   [0;39m [2m:[0;39m [simpleSignIn] Parameters : UserSignRequest(email=null, password=null, deviceId=4654328d-2305-4343-ba3e-05722d18f109), 
[2m2023-11-14 21:52:23.316[0;39m [32m INFO[0;39m [35m223900[0;39m [2m---[0;39m [2m[io-8080-exec-10][0;39m [36mx.i.interfaceapi.global.aop.LogAspect   [0;39m [2m:[0;39m [simpleSignIn] Parameters : UserSignRequest(email=null, password=null, deviceId=4654328d-2305-4343-ba3e-05722d18f109), 
[2m2023-11-14 21:52:23.317[0;39m [32m INFO[0;39m [35m223900[0;39m [2m---[0;39m [2m[nio-8080-exec-2][0;39m [36mx.i.interfaceapi.global.aop.LogAspect   [0;39m [2m:[0;39m [simpleSignIn] Parameters : UserSignRequest(email=null, password=null, deviceId=4654328d-2305-4343-ba3e-05722d18f109), 
[2m2023-11-14 21:52:23.318[0;39m [32m INFO[0;39m [35m223900[0;39m [2m---[0;39m [2m[nio-8080-exec-9][0;39m [36mx.i.i.domain.user.service.SignService   [0;39m [2m:[0;39m [simpleSignIn] 서브 로그인 정보 통과
[2m2023-11-14 21:52:23.320[0;39m [32m INFO[0;39m [35m223900[0;39m [2m---[0;39m [2m[nio-8080-exec-9][0;39m [36mx.i.i.global.jwt.TokenProvider          [0;39m [2m:[0;39m [generateToken] eyJhbGciOiJIUzI1NiJ9.eyJhdXRoTGV2ZWwiOiJNRU1CRVJfVkVSSUZJRUQiLCJlbWFpbCI6InRlc3RAdGVzdC5jb20iLCJ1c2VySWQiOiIxMSIsImF1ZCI6IjQ2NTQzMjhkLTIzMDUtNDM0My1iYTNlLTA1NzIyZDE4ZjEwOSIsImlhdCI6MTY5OTk2NjM0MywiZXhwIjoxNjk5OTY5OTQzfQ.Lre2SrcEyr3ZMgAgS496UFEQh80qJa-m7-JtqyZkgR8
[2m2023-11-14 21:52:23.333[0;39m [32m INFO[0;39m [35m223900[0;39m [2m---[0;39m [2m[nio-8080-exec-9][0;39m [36mx.i.interfaceapi.global.aop.LogAspect   [0;39m [2m:[0;39m [simpleSignIn] executed time 28 ms
[2m2023-11-14 21:52:23.321[0;39m [32m INFO[0;39m [35m223900[0;39m [2m---[0;39m [2m[nio-8080-exec-2][0;39m [36mx.i.i.domain.user.service.SignService   [0;39m [2m:[0;39m [simpleSignIn] 서브 로그인 정보 통과
[2m2023-11-14 21:52:23.334[0;39m [32m INFO[0;39m [35m223900[0;39m [2m---[0;39m [2m[nio-8080-exec-2][0;39m [36mx.i.i.global.jwt.TokenProvider          [0;39m [2m:[0;39m [generateToken] eyJhbGciOiJIUzI1NiJ9.eyJhdXRoTGV2ZWwiOiJNRU1CRVJfVkVSSUZJRUQiLCJlbWFpbCI6InRlc3RAdGVzdC5jb20iLCJ1c2VySWQiOiIxMSIsImF1ZCI6IjQ2NTQzMjhkLTIzMDUtNDM0My1iYTNlLTA1NzIyZDE4ZjEwOSIsImlhdCI6MTY5OTk2NjM0MywiZXhwIjoxNjk5OTY5OTQzfQ.Lre2SrcEyr3ZMgAgS496UFEQh80qJa-m7-JtqyZkgR8
[2m2023-11-14 21:52:23.335[0;39m [32m INFO[0;39m [35m223900[0;39m [2m---[0;39m [2m[nio-8080-exec-2][0;39m [36mx.i.interfaceapi.global.aop.LogAspect   [0;39m [2m:[0;39m [simpleSignIn] executed time 18 ms
[2m2023-11-14 21:52:23.321[0;39m [32m INFO[0;39m [35m223900[0;39m [2m---[0;39m [2m[nio-8080-exec-1][0;39m [36mx.i.i.domain.user.service.SignService   [0;39m [2m:[0;39m [simpleSignIn] 서브 로그인 정보 통과
[2m2023-11-14 21:52:23.336[0;39m [32m INFO[0;39m [35m223900[0;39m [2m---[0;39m [2m[nio-8080-exec-1][0;39m [36mx.i.i.global.jwt.TokenProvider          [0;39m [2m:[0;39m [generateToken] eyJhbGciOiJIUzI1NiJ9.eyJhdXRoTGV2ZWwiOiJNRU1CRVJfVkVSSUZJRUQiLCJlbWFpbCI6InRlc3RAdGVzdC5jb20iLCJ1c2VySWQiOiIxMSIsImF1ZCI6IjQ2NTQzMjhkLTIzMDUtNDM0My1iYTNlLTA1NzIyZDE4ZjEwOSIsImlhdCI6MTY5OTk2NjM0MywiZXhwIjoxNjk5OTY5OTQzfQ.Lre2SrcEyr3ZMgAgS496UFEQh80qJa-m7-JtqyZkgR8
[2m2023-11-14 21:52:23.336[0;39m [32m INFO[0;39m [35m223900[0;39m [2m---[0;39m [2m[nio-8080-exec-1][0;39m [36mx.i.interfaceapi.global.aop.LogAspect   [0;39m [2m:[0;39m [simpleSignIn] executed time 21 ms
[2m2023-11-14 21:52:23.330[0;39m [32m INFO[0;39m [35m223900[0;39m [2m---[0;39m [2m[io-8080-exec-10][0;39m [36mx.i.i.domain.user.service.SignService   [0;39m [2m:[0;39m [simpleSignIn] 서브 로그인 정보 통과
[2m2023-11-14 21:52:23.338[0;39m [32m INFO[0;39m [35m223900[0;39m [2m---[0;39m [2m[io-8080-exec-10][0;39m [36mx.i.i.global.jwt.TokenProvider          [0;39m [2m:[0;39m [generateToken] eyJhbGciOiJIUzI1NiJ9.eyJhdXRoTGV2ZWwiOiJNRU1CRVJfVkVSSUZJRUQiLCJlbWFpbCI6InRlc3RAdGVzdC5jb20iLCJ1c2VySWQiOiIxMSIsImF1ZCI6IjQ2NTQzMjhkLTIzMDUtNDM0My1iYTNlLTA1NzIyZDE4ZjEwOSIsImlhdCI6MTY5OTk2NjM0MywiZXhwIjoxNjk5OTY5OTQzfQ.Lre2SrcEyr3ZMgAgS496UFEQh80qJa-m7-JtqyZkgR8
[2m2023-11-14 21:52:23.338[0;39m [32m INFO[0;39m [35m223900[0;39m [2m---[0;39m [2m[io-8080-exec-10][0;39m [36mx.i.interfaceapi.global.aop.LogAspect   [0;39m [2m:[0;39m [simpleSignIn] executed time 22 ms
[2m2023-11-14 21:52:23.403[0;39m [32m INFO[0;39m [35m223900[0;39m [2m---[0;39m [2m[nio-8080-exec-4][0;39m [36mx.i.interfaceapi.global.aop.LogAspect   [0;39m [2m:[0;39m [findAllSchedules] Parameters : null
[2m2023-11-14 21:52:23.404[0;39m [32m INFO[0;39m [35m223900[0;39m [2m---[0;39m [2m[nio-8080-exec-6][0;39m [36mx.i.interfaceapi.global.aop.LogAspect   [0;39m [2m:[0;39m [getAllBoards] Parameters : null
[2m2023-11-14 21:52:23.413[0;39m [32m INFO[0;39m [35m223900[0;39m [2m---[0;39m [2m[nio-8080-exec-5][0;39m [36mx.i.interfaceapi.global.aop.LogAspect   [0;39m [2m:[0;39m [findByMonth] Parameters : 11, 
[2m2023-11-14 21:52:23.418[0;39m [32m INFO[0;39m [35m223900[0;39m [2m---[0;39m [2m[nio-8080-exec-3][0;39m [36mx.i.interfaceapi.global.aop.LogAspect   [0;39m [2m:[0;39m [findSubjectsByStatus] Parameters : ONGOING, 
[2m2023-11-14 21:52:23.500[0;39m [32m INFO[0;39m [35m223900[0;39m [2m---[0;39m [2m[nio-8080-exec-3][0;39m [36mx.i.i.domain.vote.service.VoteService   [0;39m [2m:[0;39m [findOngoingSubjects] 활성된 투표 조회
[2m2023-11-14 21:52:23.501[0;39m [32m INFO[0;39m [35m223900[0;39m [2m---[0;39m [2m[nio-8080-exec-5][0;39m [36mx.i.i.d.S.service.ScheduleService       [0;39m [2m:[0;39m [findByMonth] 11월 일정 조회
[2m2023-11-14 21:52:23.502[0;39m [32m INFO[0;39m [35m223900[0;39m [2m---[0;39m [2m[nio-8080-exec-5][0;39m [36mx.i.interfaceapi.global.aop.LogAspect   [0;39m [2m:[0;39m [findByMonth] executed time 89 ms
[2m2023-11-14 21:52:23.506[0;39m [32m INFO[0;39m [35m223900[0;39m [2m---[0;39m [2m[nio-8080-exec-3][0;39m [36mx.i.interfaceapi.global.aop.LogAspect   [0;39m [2m:[0;39m [findSubjectsByStatus] executed time 88 ms
[2m2023-11-14 21:52:23.516[0;39m [32m INFO[0;39m [35m223900[0;39m [2m---[0;39m [2m[nio-8080-exec-4][0;39m [36mx.i.i.d.S.service.ScheduleService       [0;39m [2m:[0;39m [findScheduleAll] 모든 일정 조회
[2m2023-11-14 21:52:23.532[0;39m [32m INFO[0;39m [35m223900[0;39m [2m---[0;39m [2m[nio-8080-exec-4][0;39m [36mx.i.interfaceapi.global.aop.LogAspect   [0;39m [2m:[0;39m [findAllSchedules] executed time 129 ms
[2m2023-11-14 21:52:23.552[0;39m [32m INFO[0;39m [35m223900[0;39m [2m---[0;39m [2m[nio-8080-exec-6][0;39m [36mx.i.i.domain.board.service.BoardService [0;39m [2m:[0;39m [findAllBoards] : 모든 게시글 조회
[2m2023-11-14 21:52:23.554[0;39m [32m INFO[0;39m [35m223900[0;39m [2m---[0;39m [2m[nio-8080-exec-6][0;39m [36mx.i.interfaceapi.global.aop.LogAspect   [0;39m [2m:[0;39m [getAllBoards] executed time 150 ms
[2m2023-11-14 21:52:24.532[0;39m [32m INFO[0;39m [35m223900[0;39m [2m---[0;39m [2m[nio-8080-exec-7][0;39m [36mx.i.interfaceapi.global.aop.LogAspect   [0;39m [2m:[0;39m [simpleSignIn] Parameters : UserSignRequest(email=null, password=null, deviceId=4654328d-2305-4343-ba3e-05722d18f109), 
[2m2023-11-14 21:52:24.538[0;39m [32m INFO[0;39m [35m223900[0;39m [2m---[0;39m [2m[nio-8080-exec-7][0;39m [36mx.i.i.domain.user.service.SignService   [0;39m [2m:[0;39m [simpleSignIn] 서브 로그인 정보 통과
[2m2023-11-14 21:52:24.539[0;39m [32m INFO[0;39m [35m223900[0;39m [2m---[0;39m [2m[nio-8080-exec-7][0;39m [36mx.i.i.global.jwt.TokenProvider          [0;39m [2m:[0;39m [generateToken] eyJhbGciOiJIUzI1NiJ9.eyJhdXRoTGV2ZWwiOiJNRU1CRVJfVkVSSUZJRUQiLCJlbWFpbCI6InRlc3RAdGVzdC5jb20iLCJ1c2VySWQiOiIxMSIsImF1ZCI6IjQ2NTQzMjhkLTIzMDUtNDM0My1iYTNlLTA1NzIyZDE4ZjEwOSIsImlhdCI6MTY5OTk2NjM0NCwiZXhwIjoxNjk5OTY5OTQ0fQ.XO6HqaUZX3YR31IYZHWWSAvgFzkDCkVnAJ6iNs-TnD4
[2m2023-11-14 21:52:24.540[0;39m [32m INFO[0;39m [35m223900[0;39m [2m---[0;39m [2m[nio-8080-exec-7][0;39m [36mx.i.interfaceapi.global.aop.LogAspect   [0;39m [2m:[0;39m [simpleSignIn] executed time 8 ms
[2m2023-11-14 21:52:24.583[0;39m [32m INFO[0;39m [35m223900[0;39m [2m---[0;39m [2m[nio-8080-exec-8][0;39m [36mx.i.interfaceapi.global.aop.LogAspect   [0;39m [2m:[0;39m [findAllSubjects] Parameters : null
[2m2023-11-14 21:52:24.599[0;39m [32m INFO[0;39m [35m223900[0;39m [2m---[0;39m [2m[nio-8080-exec-8][0;39m [36mx.i.i.domain.vote.service.VoteService   [0;39m [2m:[0;39m [findAllSubjects] 모든 투표 조회
[2m2023-11-14 21:52:24.611[0;39m [32m INFO[0;39m [35m223900[0;39m [2m---[0;39m [2m[nio-8080-exec-8][0;39m [36mx.i.interfaceapi.global.aop.LogAspect   [0;39m [2m:[0;39m [findAllSubjects] executed time 28 ms
[2m2023-11-14 21:52:25.678[0;39m [32m INFO[0;39m [35m223900[0;39m [2m---[0;39m [2m[nio-8080-exec-2][0;39m [36mx.i.interfaceapi.global.aop.LogAspect   [0;39m [2m:[0;39m [simpleSignIn] Parameters : UserSignRequest(email=null, password=null, deviceId=4654328d-2305-4343-ba3e-05722d18f109), 
[2m2023-11-14 21:52:25.679[0;39m [32m INFO[0;39m [35m223900[0;39m [2m---[0;39m [2m[nio-8080-exec-5][0;39m [36mx.i.interfaceapi.global.aop.LogAspect   [0;39m [2m:[0;39m [simpleSignIn] Parameters : UserSignRequest(email=null, password=null, deviceId=4654328d-2305-4343-ba3e-05722d18f109), 
[2m2023-11-14 21:52:25.678[0;39m [32m INFO[0;39m [35m223900[0;39m [2m---[0;39m [2m[io-8080-exec-10][0;39m [36mx.i.interfaceapi.global.aop.LogAspect   [0;39m [2m:[0;39m [simpleSignIn] Parameters : UserSignRequest(email=null, password=null, deviceId=4654328d-2305-4343-ba3e-05722d18f109), 
[2m2023-11-14 21:52:25.679[0;39m [32m INFO[0;39m [35m223900[0;39m [2m---[0;39m [2m[nio-8080-exec-9][0;39m [36mx.i.interfaceapi.global.aop.LogAspect   [0;39m [2m:[0;39m [simpleSignIn] Parameters : UserSignRequest(email=null, password=null, deviceId=4654328d-2305-4343-ba3e-05722d18f109), 
[2m2023-11-14 21:52:25.680[0;39m [32m INFO[0;39m [35m223900[0;39m [2m---[0;39m [2m[nio-8080-exec-1][0;39m [36mx.i.interfaceapi.global.aop.LogAspect   [0;39m [2m:[0;39m [simpleSignIn] Parameters : UserSignRequest(email=null, password=null, deviceId=4654328d-2305-4343-ba3e-05722d18f109), 
[2m2023-11-14 21:52:25.723[0;39m [32m INFO[0;39m [35m223900[0;39m [2m---[0;39m [2m[io-8080-exec-10][0;39m [36mx.i.i.domain.user.service.SignService   [0;39m [2m:[0;39m [simpleSignIn] 서브 로그인 정보 통과
[2m2023-11-14 21:52:25.724[0;39m [32m INFO[0;39m [35m223900[0;39m [2m---[0;39m [2m[nio-8080-exec-5][0;39m [36mx.i.i.domain.user.service.SignService   [0;39m [2m:[0;39m [simpleSignIn] 서브 로그인 정보 통과
[2m2023-11-14 21:52:25.724[0;39m [32m INFO[0;39m [35m223900[0;39m [2m---[0;39m [2m[nio-8080-exec-9][0;39m [36mx.i.i.domain.user.service.SignService   [0;39m [2m:[0;39m [simpleSignIn] 서브 로그인 정보 통과
[2m2023-11-14 21:52:25.724[0;39m [32m INFO[0;39m [35m223900[0;39m [2m---[0;39m [2m[nio-8080-exec-2][0;39m [36mx.i.i.domain.user.service.SignService   [0;39m [2m:[0;39m [simpleSignIn] 서브 로그인 정보 통과
[2m2023-11-14 21:52:25.727[0;39m [32m INFO[0;39m [35m223900[0;39m [2m---[0;39m [2m[nio-8080-exec-1][0;39m [36mx.i.i.domain.user.service.SignService   [0;39m [2m:[0;39m [simpleSignIn] 서브 로그인 정보 통과
[2m2023-11-14 21:52:25.751[0;39m [32m INFO[0;39m [35m223900[0;39m [2m---[0;39m [2m[nio-8080-exec-5][0;39m [36mx.i.i.global.jwt.TokenProvider          [0;39m [2m:[0;39m [generateToken] eyJhbGciOiJIUzI1NiJ9.eyJhdXRoTGV2ZWwiOiJNRU1CRVJfVkVSSUZJRUQiLCJlbWFpbCI6InRlc3RAdGVzdC5jb20iLCJ1c2VySWQiOiIxMSIsImF1ZCI6IjQ2NTQzMjhkLTIzMDUtNDM0My1iYTNlLTA1NzIyZDE4ZjEwOSIsImlhdCI6MTY5OTk2NjM0NSwiZXhwIjoxNjk5OTY5OTQ1fQ.7L7ZLUbN7jlKRBaXWAhxQZANg0H7z4fZ3XSb-VIkYQc
[2m2023-11-14 21:52:25.753[0;39m [32m INFO[0;39m [35m223900[0;39m [2m---[0;39m [2m[nio-8080-exec-5][0;39m [36mx.i.interfaceapi.global.aop.LogAspect   [0;39m [2m:[0;39m [simpleSignIn] executed time 74 ms
[2m2023-11-14 21:52:25.753[0;39m [32m INFO[0;39m [35m223900[0;39m [2m---[0;39m [2m[nio-8080-exec-1][0;39m [36mx.i.i.global.jwt.TokenProvider          [0;39m [2m:[0;39m [generateToken] eyJhbGciOiJIUzI1NiJ9.eyJhdXRoTGV2ZWwiOiJNRU1CRVJfVkVSSUZJRUQiLCJlbWFpbCI6InRlc3RAdGVzdC5jb20iLCJ1c2VySWQiOiIxMSIsImF1ZCI6IjQ2NTQzMjhkLTIzMDUtNDM0My1iYTNlLTA1NzIyZDE4ZjEwOSIsImlhdCI6MTY5OTk2NjM0NSwiZXhwIjoxNjk5OTY5OTQ1fQ.7L7ZLUbN7jlKRBaXWAhxQZANg0H7z4fZ3XSb-VIkYQc
[2m2023-11-14 21:52:25.752[0;39m [32m INFO[0;39m [35m223900[0;39m [2m---[0;39m [2m[io-8080-exec-10][0;39m [36mx.i.i.global.jwt.TokenProvider          [0;39m [2m:[0;39m [generateToken] eyJhbGciOiJIUzI1NiJ9.eyJhdXRoTGV2ZWwiOiJNRU1CRVJfVkVSSUZJRUQiLCJlbWFpbCI6InRlc3RAdGVzdC5jb20iLCJ1c2VySWQiOiIxMSIsImF1ZCI6IjQ2NTQzMjhkLTIzMDUtNDM0My1iYTNlLTA1NzIyZDE4ZjEwOSIsImlhdCI6MTY5OTk2NjM0NSwiZXhwIjoxNjk5OTY5OTQ1fQ.7L7ZLUbN7jlKRBaXWAhxQZANg0H7z4fZ3XSb-VIkYQc
[2m2023-11-14 21:52:25.754[0;39m [32m INFO[0;39m [35m223900[0;39m [2m---[0;39m [2m[io-8080-exec-10][0;39m [36mx.i.interfaceapi.global.aop.LogAspect   [0;39m [2m:[0;39m [simpleSignIn] executed time 76 ms
[2m2023-11-14 21:52:25.752[0;39m [32m INFO[0;39m [35m223900[0;39m [2m---[0;39m [2m[nio-8080-exec-2][0;39m [36mx.i.i.global.jwt.TokenProvider          [0;39m [2m:[0;39m [generateToken] eyJhbGciOiJIUzI1NiJ9.eyJhdXRoTGV2ZWwiOiJNRU1CRVJfVkVSSUZJRUQiLCJlbWFpbCI6InRlc3RAdGVzdC5jb20iLCJ1c2VySWQiOiIxMSIsImF1ZCI6IjQ2NTQzMjhkLTIzMDUtNDM0My1iYTNlLTA1NzIyZDE4ZjEwOSIsImlhdCI6MTY5OTk2NjM0NSwiZXhwIjoxNjk5OTY5OTQ1fQ.7L7ZLUbN7jlKRBaXWAhxQZANg0H7z4fZ3XSb-VIkYQc
[2m2023-11-14 21:52:25.754[0;39m [32m INFO[0;39m [35m223900[0;39m [2m---[0;39m [2m[nio-8080-exec-2][0;39m [36mx.i.interfaceapi.global.aop.LogAspect   [0;39m [2m:[0;39m [simpleSignIn] executed time 76 ms
[2m2023-11-14 21:52:25.755[0;39m [32m INFO[0;39m [35m223900[0;39m [2m---[0;39m [2m[nio-8080-exec-1][0;39m [36mx.i.interfaceapi.global.aop.LogAspect   [0;39m [2m:[0;39m [simpleSignIn] executed time 75 ms
[2m2023-11-14 21:52:25.752[0;39m [32m INFO[0;39m [35m223900[0;39m [2m---[0;39m [2m[nio-8080-exec-9][0;39m [36mx.i.i.global.jwt.TokenProvider          [0;39m [2m:[0;39m [generateToken] eyJhbGciOiJIUzI1NiJ9.eyJhdXRoTGV2ZWwiOiJNRU1CRVJfVkVSSUZJRUQiLCJlbWFpbCI6InRlc3RAdGVzdC5jb20iLCJ1c2VySWQiOiIxMSIsImF1ZCI6IjQ2NTQzMjhkLTIzMDUtNDM0My1iYTNlLTA1NzIyZDE4ZjEwOSIsImlhdCI6MTY5OTk2NjM0NSwiZXhwIjoxNjk5OTY5OTQ1fQ.7L7ZLUbN7jlKRBaXWAhxQZANg0H7z4fZ3XSb-VIkYQc
[2m2023-11-14 21:52:25.757[0;39m [32m INFO[0;39m [35m223900[0;39m [2m---[0;39m [2m[nio-8080-exec-9][0;39m [36mx.i.interfaceapi.global.aop.LogAspect   [0;39m [2m:[0;39m [simpleSignIn] executed time 78 ms
[2m2023-11-14 21:52:29.939[0;39m [32m INFO[0;39m [35m223900[0;39m [2m---[0;39m [2m[nio-8080-exec-8][0;39m [36mx.i.interfaceapi.global.aop.LogAspect   [0;39m [2m:[0;39m [simpleSignIn] Parameters : UserSignRequest(email=null, password=null, deviceId=4654328d-2305-4343-ba3e-05722d18f109), 
[2m2023-11-14 21:52:30.021[0;39m [32m INFO[0;39m [35m223900[0;39m [2m---[0;39m [2m[nio-8080-exec-6][0;39m [36mx.i.interfaceapi.global.aop.LogAspect   [0;39m [2m:[0;39m [findAllSchedules] Parameters : null
[2m2023-11-14 21:52:30.024[0;39m [32m INFO[0;39m [35m223900[0;39m [2m---[0;39m [2m[nio-8080-exec-7][0;39m [36mx.i.interfaceapi.global.aop.LogAspect   [0;39m [2m:[0;39m [getAllBoards] Parameters : null
[2m2023-11-14 21:52:30.026[0;39m [32m INFO[0;39m [35m223900[0;39m [2m---[0;39m [2m[nio-8080-exec-3][0;39m [36mx.i.interfaceapi.global.aop.LogAspect   [0;39m [2m:[0;39m [findSubjectsByStatus] Parameters : ONGOING, 
[2m2023-11-14 21:52:30.029[0;39m [32m INFO[0;39m [35m223900[0;39m [2m---[0;39m [2m[nio-8080-exec-8][0;39m [36mx.i.i.domain.user.service.SignService   [0;39m [2m:[0;39m [simpleSignIn] 서브 로그인 정보 통과
[2m2023-11-14 21:52:30.034[0;39m [32m INFO[0;39m [35m223900[0;39m [2m---[0;39m [2m[nio-8080-exec-8][0;39m [36mx.i.i.global.jwt.TokenProvider          [0;39m [2m:[0;39m [generateToken] eyJhbGciOiJIUzI1NiJ9.eyJhdXRoTGV2ZWwiOiJNRU1CRVJfVkVSSUZJRUQiLCJlbWFpbCI6InRlc3RAdGVzdC5jb20iLCJ1c2VySWQiOiIxMSIsImF1ZCI6IjQ2NTQzMjhkLTIzMDUtNDM0My1iYTNlLTA1NzIyZDE4ZjEwOSIsImlhdCI6MTY5OTk2NjM1MCwiZXhwIjoxNjk5OTY5OTUwfQ._909wZ1yF8NiLhTjil0flmbelpA9exS-gSlKituZd2w
[2m2023-11-14 21:52:30.035[0;39m [32m INFO[0;39m [35m223900[0;39m [2m---[0;39m [2m[nio-8080-exec-8][0;39m [36mx.i.interfaceapi.global.aop.LogAspect   [0;39m [2m:[0;39m [simpleSignIn] executed time 96 ms
[2m2023-11-14 21:52:30.041[0;39m [32m INFO[0;39m [35m223900[0;39m [2m---[0;39m [2m[nio-8080-exec-4][0;39m [36mx.i.interfaceapi.global.aop.LogAspect   [0;39m [2m:[0;39m [findByMonth] Parameters : 11, 
[2m2023-11-14 21:52:30.047[0;39m [32m INFO[0;39m [35m223900[0;39m [2m---[0;39m [2m[nio-8080-exec-6][0;39m [36mx.i.i.d.S.service.ScheduleService       [0;39m [2m:[0;39m [findScheduleAll] 모든 일정 조회
[2m2023-11-14 21:52:30.050[0;39m [32m INFO[0;39m [35m223900[0;39m [2m---[0;39m [2m[nio-8080-exec-3][0;39m [36mx.i.i.domain.vote.service.VoteService   [0;39m [2m:[0;39m [findOngoingSubjects] 활성된 투표 조회
[2m2023-11-14 21:52:30.060[0;39m [32m INFO[0;39m [35m223900[0;39m [2m---[0;39m [2m[nio-8080-exec-3][0;39m [36mx.i.interfaceapi.global.aop.LogAspect   [0;39m [2m:[0;39m [findSubjectsByStatus] executed time 34 ms
[2m2023-11-14 21:52:30.063[0;39m [32m INFO[0;39m [35m223900[0;39m [2m---[0;39m [2m[nio-8080-exec-4][0;39m [36mx.i.i.d.S.service.ScheduleService       [0;39m [2m:[0;39m [findByMonth] 11월 일정 조회
[2m2023-11-14 21:52:30.063[0;39m [32m INFO[0;39m [35m223900[0;39m [2m---[0;39m [2m[nio-8080-exec-6][0;39m [36mx.i.interfaceapi.global.aop.LogAspect   [0;39m [2m:[0;39m [findAllSchedules] executed time 42 ms
[2m2023-11-14 21:52:30.080[0;39m [32m INFO[0;39m [35m223900[0;39m [2m---[0;39m [2m[nio-8080-exec-4][0;39m [36mx.i.interfaceapi.global.aop.LogAspect   [0;39m [2m:[0;39m [findByMonth] executed time 39 ms
[2m2023-11-14 21:52:30.107[0;39m [32m INFO[0;39m [35m223900[0;39m [2m---[0;39m [2m[nio-8080-exec-9][0;39m [36mx.i.interfaceapi.global.aop.LogAspect   [0;39m [2m:[0;39m [simpleSignIn] Parameters : UserSignRequest(email=null, password=null, deviceId=4654328d-2305-4343-ba3e-05722d18f109), 
[2m2023-11-14 21:52:30.108[0;39m [32m INFO[0;39m [35m223900[0;39m [2m---[0;39m [2m[nio-8080-exec-2][0;39m [36mx.i.interfaceapi.global.aop.LogAspect   [0;39m [2m:[0;39m [simpleSignIn] Parameters : UserSignRequest(email=null, password=null, deviceId=4654328d-2305-4343-ba3e-05722d18f109), 
[2m2023-11-14 21:52:30.110[0;39m [32m INFO[0;39m [35m223900[0;39m [2m---[0;39m [2m[io-8080-exec-10][0;39m [36mx.i.interfaceapi.global.aop.LogAspect   [0;39m [2m:[0;39m [simpleSignIn] Parameters : UserSignRequest(email=null, password=null, deviceId=4654328d-2305-4343-ba3e-05722d18f109), 
[2m2023-11-14 21:52:30.114[0;39m [32m INFO[0;39m [35m223900[0;39m [2m---[0;39m [2m[nio-8080-exec-2][0;39m [36mx.i.i.domain.user.service.SignService   [0;39m [2m:[0;39m [simpleSignIn] 서브 로그인 정보 통과
[2m2023-11-14 21:52:30.116[0;39m [32m INFO[0;39m [35m223900[0;39m [2m---[0;39m [2m[nio-8080-exec-2][0;39m [36mx.i.i.global.jwt.TokenProvider          [0;39m [2m:[0;39m [generateToken] eyJhbGciOiJIUzI1NiJ9.eyJhdXRoTGV2ZWwiOiJNRU1CRVJfVkVSSUZJRUQiLCJlbWFpbCI6InRlc3RAdGVzdC5jb20iLCJ1c2VySWQiOiIxMSIsImF1ZCI6IjQ2NTQzMjhkLTIzMDUtNDM0My1iYTNlLTA1NzIyZDE4ZjEwOSIsImlhdCI6MTY5OTk2NjM1MCwiZXhwIjoxNjk5OTY5OTUwfQ._909wZ1yF8NiLhTjil0flmbelpA9exS-gSlKituZd2w
[2m2023-11-14 21:52:30.115[0;39m [32m INFO[0;39m [35m223900[0;39m [2m---[0;39m [2m[io-8080-exec-10][0;39m [36mx.i.i.domain.user.service.SignService   [0;39m [2m:[0;39m [simpleSignIn] 서브 로그인 정보 통과
[2m2023-11-14 21:52:30.118[0;39m [32m INFO[0;39m [35m223900[0;39m [2m---[0;39m [2m[io-8080-exec-10][0;39m [36mx.i.i.global.jwt.TokenProvider          [0;39m [2m:[0;39m [generateToken] eyJhbGciOiJIUzI1NiJ9.eyJhdXRoTGV2ZWwiOiJNRU1CRVJfVkVSSUZJRUQiLCJlbWFpbCI6InRlc3RAdGVzdC5jb20iLCJ1c2VySWQiOiIxMSIsImF1ZCI6IjQ2NTQzMjhkLTIzMDUtNDM0My1iYTNlLTA1NzIyZDE4ZjEwOSIsImlhdCI6MTY5OTk2NjM1MCwiZXhwIjoxNjk5OTY5OTUwfQ._909wZ1yF8NiLhTjil0flmbelpA9exS-gSlKituZd2w
[2m2023-11-14 21:52:30.121[0;39m [32m INFO[0;39m [35m223900[0;39m [2m---[0;39m [2m[io-8080-exec-10][0;39m [36mx.i.interfaceapi.global.aop.LogAspect   [0;39m [2m:[0;39m [simpleSignIn] executed time 11 ms
[2m2023-11-14 21:52:30.116[0;39m [32m INFO[0;39m [35m223900[0;39m [2m---[0;39m [2m[nio-8080-exec-9][0;39m [36mx.i.i.domain.user.service.SignService   [0;39m [2m:[0;39m [simpleSignIn] 서브 로그인 정보 통과
[2m2023-11-14 21:52:30.120[0;39m [32m INFO[0;39m [35m223900[0;39m [2m---[0;39m [2m[nio-8080-exec-1][0;39m [36mx.i.interfaceapi.global.aop.LogAspect   [0;39m [2m:[0;39m [simpleSignIn] Parameters : UserSignRequest(email=null, password=null, deviceId=4654328d-2305-4343-ba3e-05722d18f109), 
[2m2023-11-14 21:52:30.123[0;39m [32m INFO[0;39m [35m223900[0;39m [2m---[0;39m [2m[nio-8080-exec-1][0;39m [36mx.i.i.domain.user.service.SignService   [0;39m [2m:[0;39m [simpleSignIn] 서브 로그인 정보 통과
[2m2023-11-14 21:52:30.124[0;39m [32m INFO[0;39m [35m223900[0;39m [2m---[0;39m [2m[nio-8080-exec-1][0;39m [36mx.i.i.global.jwt.TokenProvider          [0;39m [2m:[0;39m [generateToken] eyJhbGciOiJIUzI1NiJ9.eyJhdXRoTGV2ZWwiOiJNRU1CRVJfVkVSSUZJRUQiLCJlbWFpbCI6InRlc3RAdGVzdC5jb20iLCJ1c2VySWQiOiIxMSIsImF1ZCI6IjQ2NTQzMjhkLTIzMDUtNDM0My1iYTNlLTA1NzIyZDE4ZjEwOSIsImlhdCI6MTY5OTk2NjM1MCwiZXhwIjoxNjk5OTY5OTUwfQ._909wZ1yF8NiLhTjil0flmbelpA9exS-gSlKituZd2w
[2m2023-11-14 21:52:30.124[0;39m [32m INFO[0;39m [35m223900[0;39m [2m---[0;39m [2m[nio-8080-exec-1][0;39m [36mx.i.interfaceapi.global.aop.LogAspect   [0;39m [2m:[0;39m [simpleSignIn] executed time 4 ms
[2m2023-11-14 21:52:30.125[0;39m [32m INFO[0;39m [35m223900[0;39m [2m---[0;39m [2m[nio-8080-exec-2][0;39m [36mx.i.interfaceapi.global.aop.LogAspect   [0;39m [2m:[0;39m [simpleSignIn] executed time 17 ms
[2m2023-11-14 21:52:30.122[0;39m [32m INFO[0;39m [35m223900[0;39m [2m---[0;39m [2m[nio-8080-exec-9][0;39m [36mx.i.i.global.jwt.TokenProvider          [0;39m [2m:[0;39m [generateToken] eyJhbGciOiJIUzI1NiJ9.eyJhdXRoTGV2ZWwiOiJNRU1CRVJfVkVSSUZJRUQiLCJlbWFpbCI6InRlc3RAdGVzdC5jb20iLCJ1c2VySWQiOiIxMSIsImF1ZCI6IjQ2NTQzMjhkLTIzMDUtNDM0My1iYTNlLTA1NzIyZDE4ZjEwOSIsImlhdCI6MTY5OTk2NjM1MCwiZXhwIjoxNjk5OTY5OTUwfQ._909wZ1yF8NiLhTjil0flmbelpA9exS-gSlKituZd2w
[2m2023-11-14 21:52:30.131[0;39m [32m INFO[0;39m [35m223900[0;39m [2m---[0;39m [2m[nio-8080-exec-9][0;39m [36mx.i.interfaceapi.global.aop.LogAspect   [0;39m [2m:[0;39m [simpleSignIn] executed time 24 ms
[2m2023-11-14 21:52:30.134[0;39m [32m INFO[0;39m [35m223900[0;39m [2m---[0;39m [2m[nio-8080-exec-5][0;39m [36mx.i.interfaceapi.global.aop.LogAspect   [0;39m [2m:[0;39m [simpleSignIn] Parameters : UserSignRequest(email=null, password=null, deviceId=4654328d-2305-4343-ba3e-05722d18f109), 
[2m2023-11-14 21:52:30.136[0;39m [32m INFO[0;39m [35m223900[0;39m [2m---[0;39m [2m[nio-8080-exec-5][0;39m [36mx.i.i.domain.user.service.SignService   [0;39m [2m:[0;39m [simpleSignIn] 서브 로그인 정보 통과
[2m2023-11-14 21:52:30.137[0;39m [32m INFO[0;39m [35m223900[0;39m [2m---[0;39m [2m[nio-8080-exec-5][0;39m [36mx.i.i.global.jwt.TokenProvider          [0;39m [2m:[0;39m [generateToken] eyJhbGciOiJIUzI1NiJ9.eyJhdXRoTGV2ZWwiOiJNRU1CRVJfVkVSSUZJRUQiLCJlbWFpbCI6InRlc3RAdGVzdC5jb20iLCJ1c2VySWQiOiIxMSIsImF1ZCI6IjQ2NTQzMjhkLTIzMDUtNDM0My1iYTNlLTA1NzIyZDE4ZjEwOSIsImlhdCI6MTY5OTk2NjM1MCwiZXhwIjoxNjk5OTY5OTUwfQ._909wZ1yF8NiLhTjil0flmbelpA9exS-gSlKituZd2w
[2m2023-11-14 21:52:30.137[0;39m [32m INFO[0;39m [35m223900[0;39m [2m---[0;39m [2m[nio-8080-exec-5][0;39m [36mx.i.interfaceapi.global.aop.LogAspect   [0;39m [2m:[0;39m [simpleSignIn] executed time 3 ms
[2m2023-11-14 21:52:30.177[0;39m [32m INFO[0;39m [35m223900[0;39m [2m---[0;39m [2m[nio-8080-exec-1][0;39m [36mx.i.interfaceapi.global.aop.LogAspect   [0;39m [2m:[0;39m [getAllBoards] Parameters : null
[2m2023-11-14 21:52:30.181[0;39m [32m INFO[0;39m [35m223900[0;39m [2m---[0;39m [2m[nio-8080-exec-4][0;39m [36mx.i.interfaceapi.global.aop.LogAspect   [0;39m [2m:[0;39m [findAllSchedules] Parameters : null
[2m2023-11-14 21:52:30.182[0;39m [32m INFO[0;39m [35m223900[0;39m [2m---[0;39m [2m[nio-8080-exec-6][0;39m [36mx.i.interfaceapi.global.aop.LogAspect   [0;39m [2m:[0;39m [simpleSignIn] Parameters : UserSignRequest(email=null, password=null, deviceId=4654328d-2305-4343-ba3e-05722d18f109), 
[2m2023-11-14 21:52:30.163[0;39m [32m INFO[0;39m [35m223900[0;39m [2m---[0;39m [2m[nio-8080-exec-7][0;39m [36mx.i.i.domain.board.service.BoardService [0;39m [2m:[0;39m [findAllBoards] : 모든 게시글 조회
[2m2023-11-14 21:52:30.190[0;39m [32m INFO[0;39m [35m223900[0;39m [2m---[0;39m [2m[nio-8080-exec-6][0;39m [36mx.i.i.domain.user.service.SignService   [0;39m [2m:[0;39m [simpleSignIn] 서브 로그인 정보 통과
[2m2023-11-14 21:52:30.191[0;39m [32m INFO[0;39m [35m223900[0;39m [2m---[0;39m [2m[nio-8080-exec-6][0;39m [36mx.i.i.global.jwt.TokenProvider          [0;39m [2m:[0;39m [generateToken] eyJhbGciOiJIUzI1NiJ9.eyJhdXRoTGV2ZWwiOiJNRU1CRVJfVkVSSUZJRUQiLCJlbWFpbCI6InRlc3RAdGVzdC5jb20iLCJ1c2VySWQiOiIxMSIsImF1ZCI6IjQ2NTQzMjhkLTIzMDUtNDM0My1iYTNlLTA1NzIyZDE4ZjEwOSIsImlhdCI6MTY5OTk2NjM1MCwiZXhwIjoxNjk5OTY5OTUwfQ._909wZ1yF8NiLhTjil0flmbelpA9exS-gSlKituZd2w
[2m2023-11-14 21:52:30.191[0;39m [32m INFO[0;39m [35m223900[0;39m [2m---[0;39m [2m[nio-8080-exec-6][0;39m [36mx.i.interfaceapi.global.aop.LogAspect   [0;39m [2m:[0;39m [simpleSignIn] executed time 9 ms
[2m2023-11-14 21:52:30.173[0;39m [32m INFO[0;39m [35m223900[0;39m [2m---[0;39m [2m[nio-8080-exec-3][0;39m [36mx.i.interfaceapi.global.aop.LogAspect   [0;39m [2m:[0;39m [findSubjectsByStatus] Parameters : ONGOING, 
[2m2023-11-14 21:52:30.191[0;39m [32m INFO[0;39m [35m223900[0;39m [2m---[0;39m [2m[nio-8080-exec-7][0;39m [36mx.i.interfaceapi.global.aop.LogAspect   [0;39m [2m:[0;39m [getAllBoards] executed time 167 ms
[2m2023-11-14 21:52:30.198[0;39m [32m INFO[0;39m [35m223900[0;39m [2m---[0;39m [2m[nio-8080-exec-4][0;39m [36mx.i.i.d.S.service.ScheduleService       [0;39m [2m:[0;39m [findScheduleAll] 모든 일정 조회
[2m2023-11-14 21:52:30.205[0;39m [32m INFO[0;39m [35m223900[0;39m [2m---[0;39m [2m[nio-8080-exec-8][0;39m [36mx.i.interfaceapi.global.aop.LogAspect   [0;39m [2m:[0;39m [findByMonth] Parameters : 11, 
[2m2023-11-14 21:52:30.205[0;39m [32m INFO[0;39m [35m223900[0;39m [2m---[0;39m [2m[nio-8080-exec-3][0;39m [36mx.i.i.domain.vote.service.VoteService   [0;39m [2m:[0;39m [findOngoingSubjects] 활성된 투표 조회
[2m2023-11-14 21:52:30.211[0;39m [32m INFO[0;39m [35m223900[0;39m [2m---[0;39m [2m[nio-8080-exec-3][0;39m [36mx.i.interfaceapi.global.aop.LogAspect   [0;39m [2m:[0;39m [findSubjectsByStatus] executed time 38 ms
[2m2023-11-14 21:52:30.214[0;39m [32m INFO[0;39m [35m223900[0;39m [2m---[0;39m [2m[nio-8080-exec-8][0;39m [36mx.i.i.d.S.service.ScheduleService       [0;39m [2m:[0;39m [findByMonth] 11월 일정 조회
[2m2023-11-14 21:52:30.215[0;39m [32m INFO[0;39m [35m223900[0;39m [2m---[0;39m [2m[nio-8080-exec-4][0;39m [36mx.i.interfaceapi.global.aop.LogAspect   [0;39m [2m:[0;39m [findAllSchedules] executed time 34 ms
[2m2023-11-14 21:52:30.216[0;39m [32m INFO[0;39m [35m223900[0;39m [2m---[0;39m [2m[nio-8080-exec-8][0;39m [36mx.i.interfaceapi.global.aop.LogAspect   [0;39m [2m:[0;39m [findByMonth] executed time 11 ms
[2m2023-11-14 21:52:30.288[0;39m [32m INFO[0;39m [35m223900[0;39m [2m---[0;39m [2m[nio-8080-exec-1][0;39m [36mx.i.i.domain.board.service.BoardService [0;39m [2m:[0;39m [findAllBoards] : 모든 게시글 조회
[2m2023-11-14 21:52:30.289[0;39m [32m INFO[0;39m [35m223900[0;39m [2m---[0;39m [2m[nio-8080-exec-1][0;39m [36mx.i.interfaceapi.global.aop.LogAspect   [0;39m [2m:[0;39m [getAllBoards] executed time 112 ms
[2m2023-11-14 21:57:55.797[0;39m [33m WARN[0;39m [35m223900[0;39m [2m---[0;39m [2m[l-1 housekeeper][0;39m [36mcom.zaxxer.hikari.pool.HikariPool       [0;39m [2m:[0;39m HikariPool-1 - Thread starvation or clock leap detected (housekeeper delta=49s183ms876µs661ns).
[2m2023-11-14 22:02:44.139[0;39m [33m WARN[0;39m [35m223900[0;39m [2m---[0;39m [2m[l-1 housekeeper][0;39m [36mcom.zaxxer.hikari.pool.HikariPool       [0;39m [2m:[0;39m HikariPool-1 - Thread starvation or clock leap detected (housekeeper delta=5m55s159ms830µs935ns).
[2m2023-11-14 22:06:42.577[0;39m [33m WARN[0;39m [35m223900[0;39m [2m---[0;39m [2m[l-1 housekeeper][0;39m [36mcom.zaxxer.hikari.pool.HikariPool       [0;39m [2m:[0;39m HikariPool-1 - Thread starvation or clock leap detected (housekeeper delta=1m32s82ms992µs32ns).
[2m2023-11-14 22:12:13.380[0;39m [33m WARN[0;39m [35m223900[0;39m [2m---[0;39m [2m[l-1 housekeeper][0;39m [36mcom.zaxxer.hikari.pool.HikariPool       [0;39m [2m:[0;39m HikariPool-1 - Thread starvation or clock leap detected (housekeeper delta=5m31s5ms211µs598ns).
[2m2023-11-14 22:16:51.949[0;39m [33m WARN[0;39m [35m223900[0;39m [2m---[0;39m [2m[l-1 housekeeper][0;39m [36mcom.zaxxer.hikari.pool.HikariPool       [0;39m [2m:[0;39m HikariPool-1 - Thread starvation or clock leap detected (housekeeper delta=4m38s599ms18µs116ns).
[2m2023-11-14 22:23:39.433[0;39m [33m WARN[0;39m [35m223900[0;39m [2m---[0;39m [2m[l-1 housekeeper][0;39m [36mcom.zaxxer.hikari.pool.HikariPool       [0;39m [2m:[0;39m HikariPool-1 - Thread starvation or clock leap detected (housekeeper delta=6m47s194ms500µs361ns).
[2m2023-11-14 22:31:11.535[0;39m [33m WARN[0;39m [35m223900[0;39m [2m---[0;39m [2m[l-1 housekeeper][0;39m [36mcom.zaxxer.hikari.pool.HikariPool       [0;39m [2m:[0;39m HikariPool-1 - Thread starvation or clock leap detected (housekeeper delta=7m31s921ms910µs951ns).
